403 Forbidden
403 Forbidden
403 Forbidden
403 Forbidden
403 Forbidden
https://acs.pub.ro/
https://www.columbia.edu/
https://www.nus.edu.sg/
https://acs.pub.ro/
403 Forbidden
403 Forbidden
403 Forbidden
403 Forbidden
0 1 2 3 4 6 
Computer Science
403 Forbidden
403 Forbidden
https://acs.pub.ro/
https://www.umich.edu/
https://acs.pub.ro/
https://acs.pub.ro/
7 0 1 2 3 4 
Computer Science
403 Forbidden
403 Forbidden
2 3 0 1 
University of Michigan
2 3 0 1 
University of Michigan
1 8 0 
Indian Institute of Technology Delhi
403 Forbidden
0 1 8 
Computer Science
8 10 0 1 
Keio University
10 0 1 8 
University of Washington
https://www.iitd.ac.in/
https://www.columbia.edu/
https://www.nus.edu.sg/
https://acs.pub.ro/
403 Forbidden
0 8 10 
Computer Science
403 Forbidden
403 Forbidden
https://acs.pub.ro/
8 10 0 
University of the Witwatersrand
403 Forbidden
403 Forbidden
403 Forbidden
403 Forbidden
403 Forbidden
0 8 10 11 
Computer Science
403 Forbidden
0 8 10 11 
University of Michigan
403 Forbidden
403 Forbidden
403 Forbidden
403 Forbidden
403 Forbidden
403 Forbidden
https://acs.pub.ro/
403 Forbidden
11 13 14 0 
University of Auckland
403 Forbidden
403 Forbidden
403 Forbidden
403 Forbidden
14 0 
Computer Science
403 Forbidden
16 0 15 
Computer Science
403 Forbidden
403 Forbidden
0 15 
Cornell University
403 Forbidden
0 15 
University of Edinburgh
403 Forbidden
403 Forbidden
403 Forbidden
403 Forbidden
403 Forbidden
